<?xml version="1.0" encoding="UTF-8"?>
<!-- Generated by org.testng.reporters.JUnitXMLReporter -->
<testsuite ignored="0" hostname="Ranvijay" failures="0" tests="2" name="Ecommerce Order Test" time="13.334" errors="0" timestamp="2024-02-28T15:55:58 IST">
  <testcase classname="ranvijaybhaskar.Tests.EcommerceOrderTest" name="submitOrderTest" time="3.812"/>
  <testcase classname="ranvijaybhaskar.Tests.EcommerceOrderTest" name="OrderHistoryTest" time="0.647"/>
</testsuite> <!-- Ecommerce Order Test -->
