<?xml version="1.0" encoding="UTF-8"?>
<!-- Generated by org.testng.reporters.JUnitXMLReporter -->
<testsuite ignored="0" hostname="Ranvijay" failures="0" tests="2" name="Error Validation Test" time="9.568" errors="0" timestamp="2024-02-28T15:55:55 IST">
  <testcase classname="ranvijaybhaskar.Tests.ErrorValidationTest" name="validateLoginErrorWrongEmail" time="0.593"/>
  <testcase classname="ranvijaybhaskar.Tests.ErrorValidationTest" name="validateLoginErrorWrongPassword" time="0.421"/>
</testsuite> <!-- Error Validation Test -->
